/*C4*/SET SCHEMA PUBLIC
alter table ALBUM drop constraint FK_d8xldpd118k7ibnvm3gfakv8f
drop table ALBUM if exists
drop table ARTISTE if exists
drop table CHANSON if exists
create table ALBUM (CODE_ALBUM integer generated by default as identity (start with 1), NOM_ALBUM varchar(80), TITRE integer, primary key (CODE_ALBUM))
create table ARTISTE (CODE_ARTISTE integer generated by default as identity (start with 1), NOM_ARTISTE varchar(80), NOM_ALBUM varchar(80), primary key (CODE_ARTISTE))
create table CHANSON (NUM_CHANSON integer generated by default as identity (start with 1), TITRE varchar(80), DUREE_CHANSON integer, primary key (NUM_CHANSON))
alter table ALBUM add constraint FK_d8xldpd118k7ibnvm3gfakv8f foreign key (TITRE) references CHANSON
DISCONNECT
/*C5*/SET SCHEMA PUBLIC
alter table ALBUM drop constraint FK_d8xldpd118k7ibnvm3gfakv8f
drop table ALBUM if exists
drop table ARTISTE if exists
drop table CHANSON if exists
create table ALBUM (CODE_ALBUM integer generated by default as identity (start with 1), NOM_ALBUM varchar(80), TITRE integer, primary key (CODE_ALBUM))
create table ARTISTE (CODE_ARTISTE integer generated by default as identity (start with 1), NOM_ARTISTE varchar(80), NOM_ALBUM varchar(80), primary key (CODE_ARTISTE))
create table CHANSON (NUM_CHANSON integer generated by default as identity (start with 1), TITRE varchar(80), DUREE_CHANSON integer, primary key (NUM_CHANSON))
alter table ALBUM add constraint FK_d8xldpd118k7ibnvm3gfakv8f foreign key (TITRE) references CHANSON
DISCONNECT
/*C6*/SET SCHEMA PUBLIC
alter table ALBUM drop constraint FK_d8xldpd118k7ibnvm3gfakv8f
drop table ALBUM if exists
drop table ARTISTE if exists
drop table CHANSON if exists
create table ALBUM (CODE_ALBUM integer generated by default as identity (start with 1), NOM_ALBUM varchar(80), TITRE integer, primary key (CODE_ALBUM))
create table ARTISTE (CODE_ARTISTE integer generated by default as identity (start with 1), NOM_ARTISTE varchar(80), NOM_ALBUM varchar(80), primary key (CODE_ARTISTE))
create table CHANSON (NUM_CHANSON integer not null, TITRE varchar(80), DUREE_CHANSON integer, primary key (NUM_CHANSON))
alter table ALBUM add constraint FK_d8xldpd118k7ibnvm3gfakv8f foreign key (TITRE) references CHANSON
DISCONNECT
/*C7*/SET SCHEMA PUBLIC
drop table ALBUM if exists
drop table ARTISTE if exists
drop table CHANSON if exists
create table ALBUM (CODE_ALBUM integer generated by default as identity (start with 1), NOM_ALBUM varchar(80), primary key (CODE_ALBUM))
create table ARTISTE (CODE_ARTISTE integer generated by default as identity (start with 1), NOM_ARTISTE varchar(80), NOM_ALBUM varchar(80), primary key (CODE_ARTISTE))
create table CHANSON (NUM_CHANSON integer generated by default as identity (start with 1), TITRE varchar(80), DUREE_CHANSON integer, LISTE_CHANSONS integer not null, primary key (NUM_CHANSON))
alter table CHANSON add constraint FK_o97dfao8dsa97ustc6i6o7ssc foreign key (LISTE_CHANSONS) references ALBUM
DISCONNECT
/*C8*/SET SCHEMA PUBLIC
alter table CHANSON drop constraint FK_o97dfao8dsa97ustc6i6o7ssc
drop table ALBUM if exists
drop table ARTISTE if exists
drop table CHANSON if exists
create table ALBUM (CODE_ALBUM integer generated by default as identity (start with 1), NOM_ALBUM varchar(80), primary key (CODE_ALBUM))
create table ARTISTE (CODE_ARTISTE integer generated by default as identity (start with 1), NOM_ARTISTE varchar(80), NOM_ALBUM varchar(80), primary key (CODE_ARTISTE))
create table CHANSON (NUM_CHANSON integer generated by default as identity (start with 1), TITRE varchar(80), DUREE_CHANSON integer, LISTE_CHANSONS integer not null, primary key (NUM_CHANSON))
alter table CHANSON add constraint FK_o97dfao8dsa97ustc6i6o7ssc foreign key (LISTE_CHANSONS) references ALBUM
DISCONNECT
/*C9*/SET SCHEMA PUBLIC
alter table CHANSON drop constraint FK_o97dfao8dsa97ustc6i6o7ssc
drop table ALBUM if exists
drop table ARTISTE if exists
drop table CHANSON if exists
create table ALBUM (CODE_ALBUM integer generated by default as identity (start with 1), NOM_ALBUM varchar(80), primary key (CODE_ALBUM))
create table ARTISTE (CODE_ARTISTE integer generated by default as identity (start with 1), NOM_ARTISTE varchar(80), NOM_ALBUM varchar(80), primary key (CODE_ARTISTE))
create table CHANSON (NUM_CHANSON integer generated by default as identity (start with 1), TITRE varchar(80), DUREE_CHANSON integer, LISTE_CHANSONS integer not null, primary key (NUM_CHANSON))
alter table CHANSON add constraint FK_o97dfao8dsa97ustc6i6o7ssc foreign key (LISTE_CHANSONS) references ALBUM
DISCONNECT
/*C10*/SET SCHEMA PUBLIC
alter table CHANSON drop constraint FK_o97dfao8dsa97ustc6i6o7ssc
drop table ALBUM if exists
drop table ARTISTE if exists
drop table CHANSON if exists
create table ALBUM (CODE_ALBUM integer generated by default as identity (start with 1), NOM_ALBUM varchar(80), primary key (CODE_ALBUM))
create table ARTISTE (CODE_ARTISTE integer generated by default as identity (start with 1), NOM_ARTISTE varchar(80), NOM_ALBUM varchar(80), primary key (CODE_ARTISTE))
create table CHANSON (NUM_CHANSON integer not null, TITRE varchar(80), DUREE_CHANSON integer, LISTE_CHANSONS integer not null, primary key (NUM_CHANSON))
alter table CHANSON add constraint FK_o97dfao8dsa97ustc6i6o7ssc foreign key (LISTE_CHANSONS) references ALBUM
DISCONNECT
/*C12*/SET SCHEMA PUBLIC
alter table CHANSON drop constraint FK_o97dfao8dsa97ustc6i6o7ssc
drop table ALBUM if exists
drop table ARTISTE if exists
drop table CHANSON if exists
create table ALBUM (CODE_ALBUM integer generated by default as identity (start with 1), NOM_ALBUM varchar(80), primary key (CODE_ALBUM))
create table ARTISTE (CODE_ARTISTE integer generated by default as identity (start with 1), NOM_ARTISTE varchar(80), NOM_ALBUM varchar(80), primary key (CODE_ARTISTE))
create table CHANSON (NUM_CHANSON integer not null, TITRE varchar(80), DUREE_CHANSON integer, LISTE_CHANSONS integer not null, primary key (NUM_CHANSON))
alter table CHANSON add constraint FK_o97dfao8dsa97ustc6i6o7ssc foreign key (LISTE_CHANSONS) references ALBUM
DISCONNECT
/*C13*/SET SCHEMA PUBLIC
alter table CHANSON drop constraint FK_o97dfao8dsa97ustc6i6o7ssc
drop table ALBUM if exists
drop table ARTISTE if exists
drop table CHANSON if exists
create table ALBUM (CODE_ALBUM integer generated by default as identity (start with 1), NOM_ALBUM varchar(80), primary key (CODE_ALBUM))
create table ARTISTE (CODE_ARTISTE integer generated by default as identity (start with 1), NOM_ARTISTE varchar(80), NOM_ALBUM varchar(80), primary key (CODE_ARTISTE))
create table CHANSON (NUM_CHANSON integer not null, TITRE varchar(80), DUREE_CHANSON integer, LISTE_CHANSONS integer not null, primary key (NUM_CHANSON))
alter table CHANSON add constraint FK_o97dfao8dsa97ustc6i6o7ssc foreign key (LISTE_CHANSONS) references ALBUM
INSERT INTO ARTISTE VALUES(1,'Goldman','Album1')
INSERT INTO ARTISTE VALUES(2,'Shakira','Album2')
COMMIT
DISCONNECT
/*C14*/SET SCHEMA PUBLIC
alter table CHANSON drop constraint FK_o97dfao8dsa97ustc6i6o7ssc
drop table ALBUM if exists
drop table ARTISTE if exists
drop table CHANSON if exists
create table ALBUM (CODE_ALBUM integer generated by default as identity (start with 1), NOM_ALBUM varchar(80), primary key (CODE_ALBUM))
create table ARTISTE (CODE_ARTISTE integer generated by default as identity (start with 1), NOM_ARTISTE varchar(80), NOM_ALBUM varchar(80), primary key (CODE_ARTISTE))
create table CHANSON (NUM_CHANSON integer not null, TITRE varchar(80), DUREE_CHANSON integer, LISTE_CHANSONS integer not null, primary key (NUM_CHANSON))
alter table CHANSON add constraint FK_o97dfao8dsa97ustc6i6o7ssc foreign key (LISTE_CHANSONS) references ALBUM
DISCONNECT
/*C15*/SET SCHEMA PUBLIC
alter table CHANSON drop constraint FK_o97dfao8dsa97ustc6i6o7ssc
drop table ALBUM if exists
drop table ARTISTE if exists
drop table CHANSON if exists
create table ALBUM (CODE_ALBUM integer generated by default as identity (start with 1), NOM_ALBUM varchar(80), primary key (CODE_ALBUM))
create table ARTISTE (CODE_ARTISTE integer generated by default as identity (start with 1), NOM_ARTISTE varchar(80), NOM_ALBUM varchar(80), primary key (CODE_ARTISTE))
create table CHANSON (NUM_CHANSON integer generated by default as identity (start with 1), TITRE varchar(80), DUREE_CHANSON integer, LISTE_CHANSONS integer not null, primary key (NUM_CHANSON))
alter table CHANSON add constraint FK_o97dfao8dsa97ustc6i6o7ssc foreign key (LISTE_CHANSONS) references ALBUM
DISCONNECT
/*C16*/SET SCHEMA PUBLIC
alter table CHANSON drop constraint FK_o97dfao8dsa97ustc6i6o7ssc
drop table ALBUM if exists
drop table ARTISTE if exists
drop table CHANSON if exists
create table ALBUM (CODE_ALBUM integer generated by default as identity (start with 1), NOM_ALBUM varchar(80), primary key (CODE_ALBUM))
create table ARTISTE (CODE_ARTISTE integer generated by default as identity (start with 1), NOM_ARTISTE varchar(80), NOM_ALBUM varchar(80), primary key (CODE_ARTISTE))
create table CHANSON (NUM_CHANSON integer generated by default as identity (start with 1), TITRE varchar(80), DUREE_CHANSON integer, LISTE_CHANSONS integer not null, primary key (NUM_CHANSON))
alter table CHANSON add constraint FK_o97dfao8dsa97ustc6i6o7ssc foreign key (LISTE_CHANSONS) references ALBUM
DISCONNECT
/*C17*/SET SCHEMA PUBLIC
alter table CHANSON drop constraint FK_o97dfao8dsa97ustc6i6o7ssc
drop table ALBUM if exists
drop table ARTISTE if exists
drop table CHANSON if exists
create table ALBUM (CODE_ALBUM integer generated by default as identity (start with 1), NOM_ALBUM varchar(80), primary key (CODE_ALBUM))
create table ARTISTE (CODE_ARTISTE integer generated by default as identity (start with 1), NOM_ARTISTE varchar(80), NOM_ALBUM varchar(80), primary key (CODE_ARTISTE))
create table CHANSON (NUM_CHANSON integer generated by default as identity (start with 1), TITRE varchar(80), DUREE_CHANSON integer, LISTE_CHANSONS integer not null, primary key (NUM_CHANSON))
alter table CHANSON add constraint FK_o97dfao8dsa97ustc6i6o7ssc foreign key (LISTE_CHANSONS) references ALBUM
DISCONNECT
/*C18*/SET SCHEMA PUBLIC
alter table CHANSON drop constraint FK_o97dfao8dsa97ustc6i6o7ssc
drop table ALBUM if exists
drop table ARTISTE if exists
drop table CHANSON if exists
create table ALBUM (CODE_ALBUM integer generated by default as identity (start with 1), NOM_ALBUM varchar(80), primary key (CODE_ALBUM))
create table ARTISTE (CODE_ARTISTE integer generated by default as identity (start with 1), NOM_ARTISTE varchar(80), NOM_ALBUM varchar(80), primary key (CODE_ARTISTE))
create table CHANSON (NUM_CHANSON integer generated by default as identity (start with 1), TITRE varchar(80), DUREE_CHANSON integer, LISTE_CHANSONS integer not null, primary key (NUM_CHANSON))
alter table CHANSON add constraint FK_o97dfao8dsa97ustc6i6o7ssc foreign key (LISTE_CHANSONS) references ALBUM
INSERT INTO ARTISTE VALUES(1,'Goldman','album1')
INSERT INTO ARTISTE VALUES(2,'Shakira','album2')
COMMIT
DISCONNECT
/*C19*/SET SCHEMA PUBLIC
alter table CHANSON drop constraint FK_o97dfao8dsa97ustc6i6o7ssc
drop table ALBUM if exists
drop table ARTISTE if exists
drop table CHANSON if exists
create table ALBUM (CODE_ALBUM integer generated by default as identity (start with 1), NOM_ALBUM varchar(80), primary key (CODE_ALBUM))
create table ARTISTE (CODE_ARTISTE integer generated by default as identity (start with 1), NOM_ARTISTE varchar(80), NOM_ALBUM varchar(80), primary key (CODE_ARTISTE))
create table CHANSON (NUM_CHANSON integer generated by default as identity (start with 1), TITRE varchar(80), DUREE_CHANSON integer, LISTE_CHANSONS integer not null, primary key (NUM_CHANSON))
alter table CHANSON add constraint FK_o97dfao8dsa97ustc6i6o7ssc foreign key (LISTE_CHANSONS) references ALBUM
DISCONNECT
/*C20*/SET SCHEMA PUBLIC
drop table ARTISTE if exists
drop table CHANSON if exists
create table ARTISTE (CODE_ARTISTE integer generated by default as identity (start with 1), NOM_ARTISTE varchar(80), NOM_ALBUM varchar(80), primary key (CODE_ARTISTE))
create table CHANSON (NUM_CHANSON integer generated by default as identity (start with 1), TITRE varchar(80), DUREE_CHANSON integer, primary key (NUM_CHANSON))
INSERT INTO CHANSON VALUES(1,'Waka Waka',200)
COMMIT
DISCONNECT
/*C21*/SET SCHEMA PUBLIC
drop table ALBUM if exists
drop table ARTISTE if exists
drop table CHANSON if exists
create table ALBUM (CODE_ALBUM integer generated by default as identity (start with 1), NOM_ALBUM varchar(80), primary key (CODE_ALBUM))
create table ARTISTE (CODE_ARTISTE integer generated by default as identity (start with 1), NOM_ARTISTE varchar(80), NOM_ALBUM varchar(80), primary key (CODE_ARTISTE))
create table CHANSON (NUM_CHANSON integer generated by default as identity (start with 1), TITRE varchar(80), DUREE_CHANSON integer, LISTE_CHANSONS integer not null, primary key (NUM_CHANSON))
alter table CHANSON add constraint FK_o97dfao8dsa97ustc6i6o7ssc foreign key (LISTE_CHANSONS) references ALBUM
DISCONNECT
/*C22*/SET SCHEMA PUBLIC
alter table CHANSON drop constraint FK_o97dfao8dsa97ustc6i6o7ssc
drop table ALBUM if exists
drop table ARTISTE if exists
drop table CHANSON if exists
create table ALBUM (CODE_ALBUM integer generated by default as identity (start with 1), NOM_ALBUM varchar(80), primary key (CODE_ALBUM))
create table ARTISTE (CODE_ARTISTE integer generated by default as identity (start with 1), NOM_ARTISTE varchar(80), NOM_ALBUM varchar(80), primary key (CODE_ARTISTE))
create table CHANSON (NUM_CHANSON integer generated by default as identity (start with 1), TITRE varchar(80), DUREE_CHANSON integer, LISTE_CHANSONS integer, primary key (NUM_CHANSON))
alter table CHANSON add constraint FK_o97dfao8dsa97ustc6i6o7ssc foreign key (LISTE_CHANSONS) references ALBUM
INSERT INTO ARTISTE VALUES(1,'Goldman','Album1')
INSERT INTO ARTISTE VALUES(2,'Shakira','Album2')
INSERT INTO CHANSON VALUES(1,'Waka Waka',200,NULL)
INSERT INTO CHANSON VALUES(2,'Rabiosa',250,NULL)
COMMIT
DISCONNECT
/*C23*/SET SCHEMA PUBLIC
alter table CHANSON drop constraint FK_o97dfao8dsa97ustc6i6o7ssc
drop table ALBUM if exists
drop table ARTISTE if exists
drop table CHANSON if exists
create table ALBUM (CODE_ALBUM integer generated by default as identity (start with 1), NOM_ALBUM varchar(80), primary key (CODE_ALBUM))
create table ARTISTE (CODE_ARTISTE integer generated by default as identity (start with 1), NOM_ARTISTE varchar(80), NOM_ALBUM varchar(80), primary key (CODE_ARTISTE))
create table CHANSON (NUM_CHANSON integer generated by default as identity (start with 1), TITRE varchar(80), DUREE_CHANSON integer, LISTE_CHANSONS integer, primary key (NUM_CHANSON))
alter table CHANSON add constraint FK_o97dfao8dsa97ustc6i6o7ssc foreign key (LISTE_CHANSONS) references ALBUM
DISCONNECT
/*C24*/SET SCHEMA PUBLIC
DISCONNECT
/*C11*/SET SCHEMA PUBLIC
DISCONNECT
